15 ноября 2020 г. 12:58:07 : Ссылка на объект не указывает на экземпляр объекта.
15 ноября 2020 г. 13:56:11 : Ошибка №2: Ссылка на объект не указывает на экземпляр объекта.
15 ноября 2020 г. 15:27:21 : Ошибка №2: Ссылка на объект не указывает на экземпляр объекта.
15 ноября 2020 г. 15:29:02 : Ошибка №2: Ссылка на объект не указывает на экземпляр объекта.
15 ноября 2020 г. 15:29:55 : Ошибка №2: Ссылка на объект не указывает на экземпляр объекта.
15 ноября 2020 г. 15:30:23 : Ошибка №2: Ссылка на объект не указывает на экземпляр объекта.
15 ноября 2020 г. 16:33:43 : Ошибка №2: Ссылка на объект не указывает на экземпляр объекта.
15 ноября 2020 г. 16:55:17 : Ошибка №2: Ссылка на объект не указывает на экземпляр объекта.
15 ноября 2020 г. 17:00:24 : Ошибка №2: Файл не найден
15 ноября 2020 г. 17:00:27 : Ошибка №2: Ссылка на объект не указывает на экземпляр объекта.
15 ноября 2020 г. 17:05:37 : Ошибка №2: Ссылка на объект не указывает на экземпляр объекта.
15 ноября 2020 г. 17:05:40 : Ошибка №2: Файл не найден
15 ноября 2020 г. 17:16:37 : Ошибка №2: Файл не найден
15 ноября 2020 г. 17:22:19 : Ошибка №2: Файл не найден
15 ноября 2020 г. 17:24:22 : Ошибка №2: Файл не найден
15 ноября 2020 г. 17:30:41 : Ошибка №2: Ссылка на объект не указывает на экземпляр объекта.
15 ноября 2020 г. 17:47:07 : Ошибка №2: Ссылка на объект не указывает на экземпляр объекта.
16 ноября 2020 г. 11:49:09 : Ошибка №2: Ссылка на объект не указывает на экземпляр объекта.
16 ноября 2020 г. 11:51:03 : Ошибка №2: Ссылка на объект не указывает на экземпляр объекта.
30 ноября 2020 г. 11:42:15 : Ошибка №2: Таблица пуста
7 декабря 2020 г. 12:18:40 : Ошибка №2: No component for supporting the service Kpo4311.Abdullaev.Lib.IAntelopeListLoader was found
7 декабря 2020 г. 12:19:52 : Ошибка №2: No component for supporting the service Kpo4311.Abdullaev.Lib.IAntelopeListLoader was found
7 декабря 2020 г. 12:21:00 : Ошибка №2: No component for supporting the service Kpo4311.Abdullaev.Lib.IAntelopeListLoader was found
7 декабря 2020 г. 12:21:17 : Ошибка №2: No component for supporting the service Kpo4311.Abdullaev.Lib.IAntelopeListLoader was found
7 декабря 2020 г. 12:21:45 : Ошибка №2: No component for supporting the service Kpo4311.Abdullaev.Lib.IAntelopeListLoader was found
7 декабря 2020 г. 12:21:57 : Ошибка №2: No component for supporting the service Kpo4311.Abdullaev.Lib.IAntelopeListLoader was found
7 декабря 2020 г. 12:25:13 : Входная строка имела неверный формат.
16 декабря 2020 г. 9:59:25 : Файл не найден
16 декабря 2020 г. 9:59:27 : Файл не найден
16 декабря 2020 г. 9:59:34 : Файл не найден
16 декабря 2020 г. 10:02:07 : Файл не найден
16 декабря 2020 г. 10:04:03 : Ошибка №2: Ссылка на объект не указывает на экземпляр объекта.
16 декабря 2020 г. 10:04:08 : Ошибка №2: Ссылка на объект не указывает на экземпляр объекта.
16 декабря 2020 г. 10:04:34 : Ошибка №2: Ссылка на объект не указывает на экземпляр объекта.
16 декабря 2020 г. 10:04:40 : Ошибка №2: Ссылка на объект не указывает на экземпляр объекта.
16 декабря 2020 г. 10:04:44 : Ошибка №2: Таблица пуста
16 декабря 2020 г. 12:16:35 : Ошибка №2: файл не открывается
